1478490041525	geckodriver	INFO	Listening on 127.0.0.1:54701
1478490042515	mozprofile::profile	INFO	Using profile path /var/folders/hr/lf3xj9js0_1gtld_ldw7jynh32drgp/T/rust_mozprofile.NYmCPJmMuIqf
1478490042515	geckodriver::marionette	INFO	Starting browser /Applications/Firefox.app/Contents/MacOS/firefox-bin
1478490042518	geckodriver::marionette	INFO	Connecting to Marionette on localhost:54710
1478490043030	Marionette	INFO	Listening on port 54710
1478490043945	Marionette	INFO	startBrowser fd4654dd-ded0-d44f-af06-e9e69ea11f90
JavaScript warning: http://static.parastorage.com/services/third-party/jquery/2.0.3/jquery.min.js, line 1: Using //@ to indicate sourceMappingURL pragmas is deprecated. Use //# instead
JavaScript warning: https://wix-instantsearchplus-ssl.akamaized.net/js/instantsearch-desktop.v.1.01.js?v=9.1.11, line 70: unreachable code after return statement
JavaScript warning: https://wix-instantsearchplus-ssl.akamaized.net/js/instantsearch-desktop.v.1.01.js?v=9.1.11, line 543: unreachable code after return statement
JavaScript warning: https://wix-instantsearchplus-ssl.akamaized.net/js/instantsearch-desktop.v.1.01.js?v=9.1.11, line 569: unreachable code after return statement
JavaScript warning: https://wix-instantsearchplus-ssl.akamaized.net/js/instantsearch-desktop.v.1.01.js?v=9.1.11, line 1863: unreachable code after return statement
JavaScript warning: https://wix-instantsearchplus-ssl.akamaized.net/js/instantsearch-desktop.v.1.01.js?v=9.1.11, line 2526: unreachable code after return statement
JavaScript warning: https://wix-instantsearchplus-ssl.akamaized.net/js/instantsearch-desktop.v.1.01.js?v=9.1.11, line 2570: unreachable code after return statement
JavaScript warning: https://wix-instantsearchplus-ssl.akamaized.net/js/instantsearch-desktop.v.1.01.js?v=9.1.11, line 2615: unreachable code after return statement
JavaScript error: resource://app/modules/UITour.jsm, line 688: TypeError: window is null
JavaScript error: resource://app/modules/UITour.jsm, line 688: TypeError: window is null
JavaScript error: resource://app/modules/UITour.jsm, line 688: TypeError: window is null
1478490170040	geckodriver	INFO	Listening on 127.0.0.1:54829
1478490177577	mozprofile::profile	INFO	Using profile path /var/folders/hr/lf3xj9js0_1gtld_ldw7jynh32drgp/T/rust_mozprofile.3EHgikpNW5b9
1478490178686	geckodriver::marionette	INFO	Starting browser /Applications/Firefox.app/Contents/MacOS/firefox-bin
1478490178689	geckodriver::marionette	INFO	Connecting to Marionette on localhost:54838
1478490178878	addons.manager	DEBUG	Application has been upgraded
1478490178896	addons.manager	DEBUG	Loaded provider scope for resource://gre/modules/addons/XPIProvider.jsm: ["XPIProvider"]
1478490178897	addons.manager	DEBUG	Loaded provider scope for resource://gre/modules/LightweightThemeManager.jsm: ["LightweightThemeManager"]
1478490178903	addons.manager	DEBUG	Loaded provider scope for resource://gre/modules/addons/GMPProvider.jsm
1478490178905	addons.manager	DEBUG	Loaded provider scope for resource://gre/modules/addons/PluginProvider.jsm
1478490178906	addons.manager	DEBUG	Starting provider: XPIProvider
1478490178906	addons.xpi	DEBUG	startup
1478490178907	addons.xpi	INFO	SystemAddonInstallLocation directory is missing
1478490178908	addons.xpi	INFO	Mapping e10srollout@mozilla.org to /Applications/Firefox.app/Contents/Resources/browser/features/e10srollout@mozilla.org.xpi
1478490178908	addons.xpi	INFO	Mapping firefox@getpocket.com to /Applications/Firefox.app/Contents/Resources/browser/features/firefox@getpocket.com.xpi
1478490178908	addons.xpi	INFO	Mapping webcompat@mozilla.org to /Applications/Firefox.app/Contents/Resources/browser/features/webcompat@mozilla.org.xpi
1478490178909	addons.xpi	INFO	Mapping {972ce4c6-7e08-4474-a285-3208198ce6fd} to /Applications/Firefox.app/Contents/Resources/browser/extensions/{972ce4c6-7e08-4474-a285-3208198ce6fd}.xpi
1478490178909	addons.xpi	DEBUG	checkForChanges
1478490178910	addons.xpi	DEBUG	Loaded add-on state from prefs: {}
1478490178911	addons.xpi	DEBUG	New add-on e10srollout@mozilla.org in app-system-defaults
1478490178911	addons.xpi	DEBUG	getModTime: Recursive scan of e10srollout@mozilla.org
1478490178911	addons.xpi	DEBUG	New add-on firefox@getpocket.com in app-system-defaults
1478490178912	addons.xpi	DEBUG	getModTime: Recursive scan of firefox@getpocket.com
1478490178912	addons.xpi	DEBUG	New add-on webcompat@mozilla.org in app-system-defaults
1478490178912	addons.xpi	DEBUG	getModTime: Recursive scan of webcompat@mozilla.org
1478490178913	addons.xpi	DEBUG	New add-on {972ce4c6-7e08-4474-a285-3208198ce6fd} in app-global
1478490178913	addons.xpi	DEBUG	getModTime: Recursive scan of {972ce4c6-7e08-4474-a285-3208198ce6fd}
1478490178913	addons.xpi	DEBUG	getInstallState changed: true, state: {"app-system-defaults":{"e10srollout@mozilla.org":{"d":"/Applications/Firefox.app/Contents/Resources/browser/features/e10srollout@mozilla.org.xpi","st":1478230966000},"firefox@getpocket.com":{"d":"/Applications/Firefox.app/Contents/Resources/browser/features/firefox@getpocket.com.xpi","st":1478230966000},"webcompat@mozilla.org":{"d":"/Applications/Firefox.app/Contents/Resources/browser/features/webcompat@mozilla.org.xpi","st":1478230966000}},"app-global":{"{972ce4c6-7e08-4474-a285-3208198ce6fd}":{"d":"/Applications/Firefox.app/Contents/Resources/browser/extensions/{972ce4c6-7e08-4474-a285-3208198ce6fd}.xpi","st":1478230966000}}}
1478490178919	addons.xpi-utils	DEBUG	Opening XPI database /var/folders/hr/lf3xj9js0_1gtld_ldw7jynh32drgp/T/rust_mozprofile.3EHgikpNW5b9/extensions.json
1478490178920	addons.xpi-utils	DEBUG	New add-on e10srollout@mozilla.org installed in app-system-defaults
*** Blocklist::_loadBlocklistFromFile: blocklist is disabled
1478490178927	DeferredSave.extensions.json	DEBUG	Save changes
1478490178927	addons.xpi-utils	DEBUG	New add-on firefox@getpocket.com installed in app-system-defaults
1478490178929	DeferredSave.extensions.json	DEBUG	Starting timer
1478490178930	DeferredSave.extensions.json	DEBUG	Save changes
1478490178930	addons.xpi-utils	DEBUG	New add-on webcompat@mozilla.org installed in app-system-defaults
1478490178934	DeferredSave.extensions.json	DEBUG	Save changes
1478490178935	addons.xpi-utils	DEBUG	New add-on {972ce4c6-7e08-4474-a285-3208198ce6fd} installed in app-global
1478490178938	DeferredSave.extensions.json	DEBUG	Save changes
1478490178943	addons.xpi	DEBUG	Loading bootstrap scope from /Applications/Firefox.app/Contents/Resources/browser/features/e10srollout@mozilla.org.xpi
1478490178952	addons.xpi	DEBUG	Calling bootstrap method install on e10srollout@mozilla.org version 1.3
1478490178953	addons.xpi-utils	DEBUG	Make addon app-system-defaults:e10srollout@mozilla.org visible
1478490178953	DeferredSave.extensions.json	DEBUG	Save changes
1478490178953	addons.xpi	DEBUG	Loading bootstrap scope from /Applications/Firefox.app/Contents/Resources/browser/features/firefox@getpocket.com.xpi
1478490178955	addons.xpi	DEBUG	Calling bootstrap method install on firefox@getpocket.com version 1.0.4
1478490178955	addons.xpi-utils	DEBUG	Make addon app-system-defaults:firefox@getpocket.com visible
1478490178956	DeferredSave.extensions.json	DEBUG	Save changes
1478490178956	addons.xpi	DEBUG	Loading bootstrap scope from /Applications/Firefox.app/Contents/Resources/browser/features/webcompat@mozilla.org.xpi
1478490178957	addons.xpi	DEBUG	Calling bootstrap method install on webcompat@mozilla.org version 1.0
1478490178957	addons.xpi-utils	DEBUG	Make addon app-system-defaults:webcompat@mozilla.org visible
1478490178958	DeferredSave.extensions.json	DEBUG	Save changes
1478490178958	addons.xpi-utils	DEBUG	Make addon app-global:{972ce4c6-7e08-4474-a285-3208198ce6fd} visible
1478490178958	DeferredSave.extensions.json	DEBUG	Save changes
1478490178958	addons.xpi	DEBUG	Updating XPIState for {"id":"e10srollout@mozilla.org","syncGUID":"Fz8djZSFEzoH","location":"app-system-defaults","version":"1.3","type":"extension","internalName":null,"updateURL":null,"updateKey":null,"optionsURL":null,"optionsType":null,"aboutURL":null,"icons":{},"iconURL":null,"icon64URL":null,"defaultLocale":{"name":"Multi-process staged rollout","description":"Staged rollout of Firefox multi-process feature.","creator":null,"homepageURL":null},"visible":true,"active":true,"userDisabled":false,"appDisabled":false,"descriptor":"/Applications/Firefox.app/Contents/Resources/browser/features/e10srollout@mozilla.org.xpi","installDate":1478230966000,"updateDate":1478230966000,"applyBackgroundUpdates":1,"bootstrap":true,"skinnable":false,"size":6978,"sourceURI":null,"releaseNotesURI":null,"softDisabled":false,"foreignInstall":false,"hasBinaryComponents":false,"strictCompatibility":false,"locales":[],"targetApplications":[{"id":"{ec8030f7-c20a-464f-9b0e-13a3a9e97384}","minVersion":"49.0.2","maxVersion":"49.*"}],"targetPlatforms":[],"multiprocessCompatible":false,"seen":true}
1478490178958	addons.xpi	DEBUG	getModTime: Recursive scan of e10srollout@mozilla.org
1478490178959	addons.xpi	DEBUG	Updating XPIState for {"id":"firefox@getpocket.com","syncGUID":"RhwrDCJheTI2","location":"app-system-defaults","version":"1.0.4","type":"extension","internalName":null,"updateURL":null,"updateKey":null,"optionsURL":null,"optionsType":null,"aboutURL":null,"icons":{},"iconURL":null,"icon64URL":null,"defaultLocale":{"name":"Pocket","description":"When you find something you want to view later, put it in Pocket.","creator":null,"homepageURL":null},"visible":true,"active":true,"userDisabled":false,"appDisabled":false,"descriptor":"/Applications/Firefox.app/Contents/Resources/browser/features/firefox@getpocket.com.xpi","installDate":1478230966000,"updateDate":1478230966000,"applyBackgroundUpdates":1,"bootstrap":true,"skinnable":false,"size":895234,"sourceURI":null,"releaseNotesURI":null,"softDisabled":false,"foreignInstall":false,"hasBinaryComponents":false,"strictCompatibility":false,"locales":[],"targetApplications":[{"id":"{ec8030f7-c20a-464f-9b0e-13a3a9e97384}","minVersion":"49.0.2","maxVersion":"49.*"}],"targetPlatforms":[],"multiprocessCompatible":false,"seen":true}
1478490178959	addons.xpi	DEBUG	getModTime: Recursive scan of firefox@getpocket.com
1478490178959	addons.xpi	DEBUG	Updating XPIState for {"id":"webcompat@mozilla.org","syncGUID":"qCj9pGvhttxG","location":"app-system-defaults","version":"1.0","type":"extension","internalName":null,"updateURL":null,"updateKey":null,"optionsURL":null,"optionsType":null,"aboutURL":null,"icons":{},"iconURL":null,"icon64URL":null,"defaultLocale":{"name":"Web Compat","description":"Urgent post-release fixes for web compatibility.","creator":null,"homepageURL":null},"visible":true,"active":true,"userDisabled":false,"appDisabled":false,"descriptor":"/Applications/Firefox.app/Contents/Resources/browser/features/webcompat@mozilla.org.xpi","installDate":1478230966000,"updateDate":1478230966000,"applyBackgroundUpdates":1,"bootstrap":true,"skinnable":false,"size":1502,"sourceURI":null,"releaseNotesURI":null,"softDisabled":false,"foreignInstall":false,"hasBinaryComponents":false,"strictCompatibility":false,"locales":[],"targetApplications":[{"id":"{ec8030f7-c20a-464f-9b0e-13a3a9e97384}","minVersion":"49.0.2","maxVersion":"49.*"}],"targetPlatforms":[],"multiprocessCompatible":false,"seen":true}
1478490178959	addons.xpi	DEBUG	getModTime: Recursive scan of webcompat@mozilla.org
1478490178960	addons.xpi	DEBUG	Updating XPIState for {"id":"{972ce4c6-7e08-4474-a285-3208198ce6fd}","syncGUID":"H1nMoEBWUueg","location":"app-global","version":"49.0.2","type":"theme","internalName":"classic/1.0","updateURL":null,"updateKey":null,"optionsURL":null,"optionsType":null,"aboutURL":null,"icons":{"32":"icon.png","48":"icon.png"},"iconURL":null,"icon64URL":null,"defaultLocale":{"name":"Default","description":"The default theme.","creator":"Mozilla","homepageURL":null,"contributors":["Mozilla Contributors"]},"visible":true,"active":true,"userDisabled":false,"appDisabled":false,"descriptor":"/Applications/Firefox.app/Contents/Resources/browser/extensions/{972ce4c6-7e08-4474-a285-3208198ce6fd}.xpi","installDate":1478230966000,"updateDate":1478230966000,"applyBackgroundUpdates":1,"skinnable":true,"size":7140,"sourceURI":null,"releaseNotesURI":null,"softDisabled":false,"foreignInstall":false,"hasBinaryComponents":false,"strictCompatibility":true,"locales":[],"targetApplications":[{"id":"{ec8030f7-c20a-464f-9b0e-13a3a9e97384}","minVersion":"49.0.2","maxVersion":"49.0.2"}],"targetPlatforms":[],"seen":true}
1478490178960	addons.xpi	DEBUG	getModTime: Recursive scan of {972ce4c6-7e08-4474-a285-3208198ce6fd}
1478490178960	DeferredSave.extensions.json	DEBUG	Save changes
1478490178960	addons.xpi	DEBUG	Updating database with changes to installed add-ons
1478490178960	addons.xpi-utils	DEBUG	Updating add-on states
1478490178961	addons.xpi-utils	DEBUG	Writing add-ons list
1478490178962	addons.xpi	DEBUG	Registering manifest for /Applications/Firefox.app/Contents/Resources/browser/features/e10srollout@mozilla.org.xpi
1478490178962	addons.xpi	DEBUG	Calling bootstrap method startup on e10srollout@mozilla.org version 1.3
1478490178962	addons.xpi	DEBUG	Registering manifest for /Applications/Firefox.app/Contents/Resources/browser/features/firefox@getpocket.com.xpi
1478490178962	addons.xpi	DEBUG	Calling bootstrap method startup on firefox@getpocket.com version 1.0.4
1478490178963	addons.xpi	DEBUG	Registering manifest for /Applications/Firefox.app/Contents/Resources/browser/features/webcompat@mozilla.org.xpi
1478490178963	addons.xpi	DEBUG	Calling bootstrap method startup on webcompat@mozilla.org version 1.0
1478490178964	addons.manager	DEBUG	Registering shutdown blocker for XPIProvider
1478490178965	addons.manager	DEBUG	Provider finished startup: XPIProvider
1478490178965	addons.manager	DEBUG	Starting provider: LightweightThemeManager
1478490178965	addons.manager	DEBUG	Registering shutdown blocker for LightweightThemeManager
1478490178965	addons.manager	DEBUG	Provider finished startup: LightweightThemeManager
1478490178965	addons.manager	DEBUG	Starting provider: GMPProvider
1478490178972	addons.manager	DEBUG	Registering shutdown blocker for GMPProvider
1478490178973	addons.manager	DEBUG	Provider finished startup: GMPProvider
1478490178973	addons.manager	DEBUG	Starting provider: PluginProvider
1478490178973	addons.manager	DEBUG	Registering shutdown blocker for PluginProvider
1478490178973	addons.manager	DEBUG	Provider finished startup: PluginProvider
1478490178973	addons.manager	DEBUG	Completed startup sequence
1478490179082	Marionette	INFO	Listening on port 54838
1478490179229	addons.manager	DEBUG	Starting provider: <unnamed-provider>
1478490179229	addons.manager	DEBUG	Registering shutdown blocker for <unnamed-provider>
1478490179230	addons.manager	DEBUG	Provider finished startup: <unnamed-provider>
1478490179265	addons.manager	DEBUG	Starting provider: PreviousExperimentProvider
1478490179265	addons.manager	DEBUG	Registering shutdown blocker for PreviousExperimentProvider
1478490179266	addons.manager	DEBUG	Provider finished startup: PreviousExperimentProvider
1478490179268	DeferredSave.extensions.json	DEBUG	Starting write
1478490179357	DeferredSave.extensions.json	DEBUG	Write succeeded
1478490179357	addons.xpi-utils	DEBUG	XPI Database saved, setting schema version preference to 17
1478490179980	Marionette	INFO	startBrowser 09707509-4aa4-694c-9520-0901b13f1846
JavaScript warning: http://static.parastorage.com/services/third-party/jquery/2.0.3/jquery.min.js, line 1: Using //@ to indicate sourceMappingURL pragmas is deprecated. Use //# instead
JavaScript warning: https://wix-instantsearchplus-ssl.akamaized.net/js/instantsearch-desktop.v.1.01.js?v=9.1.11, line 70: unreachable code after return statement
JavaScript warning: https://wix-instantsearchplus-ssl.akamaized.net/js/instantsearch-desktop.v.1.01.js?v=9.1.11, line 543: unreachable code after return statement
JavaScript warning: https://wix-instantsearchplus-ssl.akamaized.net/js/instantsearch-desktop.v.1.01.js?v=9.1.11, line 569: unreachable code after return statement
JavaScript warning: https://wix-instantsearchplus-ssl.akamaized.net/js/instantsearch-desktop.v.1.01.js?v=9.1.11, line 1863: unreachable code after return statement
JavaScript warning: https://wix-instantsearchplus-ssl.akamaized.net/js/instantsearch-desktop.v.1.01.js?v=9.1.11, line 2526: unreachable code after return statement
JavaScript warning: https://wix-instantsearchplus-ssl.akamaized.net/js/instantsearch-desktop.v.1.01.js?v=9.1.11, line 2570: unreachable code after return statement
JavaScript warning: https://wix-instantsearchplus-ssl.akamaized.net/js/instantsearch-desktop.v.1.01.js?v=9.1.11, line 2615: unreachable code after return statement
1478490207092	addons.xpi	DEBUG	Calling bootstrap method shutdown on e10srollout@mozilla.org version 1.3
1478490207092	addons.xpi	DEBUG	Calling bootstrap method shutdown on firefox@getpocket.com version 1.0.4
1478490207092	addons.xpi	DEBUG	Calling bootstrap method shutdown on webcompat@mozilla.org version 1.0
1478490207249	addons.manager	DEBUG	shutdown
1478490207250	addons.manager	DEBUG	Calling shutdown blocker for XPIProvider
1478490207250	addons.xpi	DEBUG	shutdown
1478490207250	addons.xpi-utils	DEBUG	shutdown
1478490207250	addons.manager	DEBUG	Calling shutdown blocker for LightweightThemeManager
1478490207251	addons.manager	DEBUG	Calling shutdown blocker for GMPProvider
1478490207253	addons.manager	DEBUG	Calling shutdown blocker for PluginProvider
1478490207253	addons.manager	DEBUG	Calling shutdown blocker for <unnamed-provider>
1478490207254	addons.manager	DEBUG	Calling shutdown blocker for PreviousExperimentProvider
1478490207257	addons.xpi	DEBUG	Notifying XPI shutdown observers
1478490207260	addons.manager	DEBUG	Async provider shutdown done
1478490226527	geckodriver	INFO	Listening on 127.0.0.1:55032
1478490227534	mozprofile::profile	INFO	Using profile path /var/folders/hr/lf3xj9js0_1gtld_ldw7jynh32drgp/T/rust_mozprofile.6MMxiPY9KD54
1478490227534	geckodriver::marionette	INFO	Starting browser /Applications/Firefox.app/Contents/MacOS/firefox-bin
1478490227537	geckodriver::marionette	INFO	Connecting to Marionette on localhost:55038
1478490228080	Marionette	INFO	Listening on port 55038
1478490228981	Marionette	INFO	startBrowser 57d4acb9-f526-4f4e-9f6f-a1addbfab790
JavaScript warning: http://static.parastorage.com/services/third-party/jquery/2.0.3/jquery.min.js, line 1: Using //@ to indicate sourceMappingURL pragmas is deprecated. Use //# instead
JavaScript warning: https://wix-instantsearchplus-ssl.akamaized.net/js/instantsearch-desktop.v.1.01.js?v=9.1.11, line 70: unreachable code after return statement
JavaScript warning: https://wix-instantsearchplus-ssl.akamaized.net/js/instantsearch-desktop.v.1.01.js?v=9.1.11, line 543: unreachable code after return statement
JavaScript warning: https://wix-instantsearchplus-ssl.akamaized.net/js/instantsearch-desktop.v.1.01.js?v=9.1.11, line 569: unreachable code after return statement
JavaScript warning: https://wix-instantsearchplus-ssl.akamaized.net/js/instantsearch-desktop.v.1.01.js?v=9.1.11, line 1863: unreachable code after return statement
JavaScript warning: https://wix-instantsearchplus-ssl.akamaized.net/js/instantsearch-desktop.v.1.01.js?v=9.1.11, line 2526: unreachable code after return statement
JavaScript warning: https://wix-instantsearchplus-ssl.akamaized.net/js/instantsearch-desktop.v.1.01.js?v=9.1.11, line 2570: unreachable code after return statement
JavaScript warning: https://wix-instantsearchplus-ssl.akamaized.net/js/instantsearch-desktop.v.1.01.js?v=9.1.11, line 2615: unreachable code after return statement
1480659393148	geckodriver	INFO	Listening on 127.0.0.1:56138
1480659394154	mozprofile::profile	INFO	Using profile path /var/folders/hr/lf3xj9js0_1gtld_ldw7jynh32drgp/T/rust_mozprofile.uoWCCEpMwmo0
1480659394155	geckodriver::marionette	INFO	Starting browser /Applications/Firefox.app/Contents/MacOS/firefox-bin
1480659394170	geckodriver::marionette	INFO	Connecting to Marionette on localhost:56144
1480659394624	Marionette	INFO	Listening on port 56144
1480659395717	Marionette	INFO	startBrowser 097f93cd-42f6-c142-aa21-13c02949f9e3
JavaScript warning: http://static.parastorage.com/services/third-party/jquery/2.0.3/jquery.min.js, line 1: Using //@ to indicate sourceMappingURL pragmas is deprecated. Use //# instead
JavaScript warning: https://wix-instantsearchplus-ssl.akamaized.net/js/instantsearch-desktop.v.1.01.js?v=3.3.333, line 70: unreachable code after return statement
JavaScript warning: https://wix-instantsearchplus-ssl.akamaized.net/js/instantsearch-desktop.v.1.01.js?v=3.3.333, line 543: unreachable code after return statement
JavaScript warning: https://wix-instantsearchplus-ssl.akamaized.net/js/instantsearch-desktop.v.1.01.js?v=3.3.333, line 569: unreachable code after return statement
JavaScript warning: https://wix-instantsearchplus-ssl.akamaized.net/js/instantsearch-desktop.v.1.01.js?v=3.3.333, line 1863: unreachable code after return statement
JavaScript warning: https://wix-instantsearchplus-ssl.akamaized.net/js/instantsearch-desktop.v.1.01.js?v=3.3.333, line 2526: unreachable code after return statement
JavaScript warning: https://wix-instantsearchplus-ssl.akamaized.net/js/instantsearch-desktop.v.1.01.js?v=3.3.333, line 2570: unreachable code after return statement
JavaScript warning: https://wix-instantsearchplus-ssl.akamaized.net/js/instantsearch-desktop.v.1.01.js?v=3.3.333, line 2615: unreachable code after return statement
1490820812416	geckodriver	INFO	Listening on 127.0.0.1:50173
1490820813462	mozprofile::profile	INFO	Using profile path /var/folders/hr/lf3xj9js0_1gtld_ldw7jynh32drgp/T/rust_mozprofile.MD3535hxjZdz
1490820813463	geckodriver::marionette	INFO	Starting browser /Applications/Firefox.app/Contents/MacOS/firefox-bin with args []
1490820813464	geckodriver::marionette	INFO	Connecting to Marionette on localhost:50182
1490820814047	Marionette	INFO	Listening on port 50182
2017-03-29 13:53:35.456 plugin-container[1147:21993] *** CFMessagePort: bootstrap_register(): failed 1100 (0x44c) 'Permission denied', port = 0x9d3b, name = 'com.apple.tsm.portname'
See /usr/include/servers/bootstrap_defs.h for the error codes.
2017-03-29 13:53:35.459 plugin-container[1147:21993] *** CFMessagePort: bootstrap_register(): failed 1100 (0x44c) 'Permission denied', port = 0xa003, name = 'com.apple.CFPasteboardClient'
See /usr/include/servers/bootstrap_defs.h for the error codes.
1490820846629	geckodriver	INFO	Listening on 127.0.0.1:50208
1490820847678	mozprofile::profile	INFO	Using profile path /var/folders/hr/lf3xj9js0_1gtld_ldw7jynh32drgp/T/rust_mozprofile.HudfPfmnfVss
1490820847679	geckodriver::marionette	INFO	Starting browser /Applications/Firefox.app/Contents/MacOS/firefox-bin with args []
1490820847682	geckodriver::marionette	INFO	Connecting to Marionette on localhost:50217
1490820848241	Marionette	INFO	Listening on port 50217
2017-03-29 13:54:09.633 plugin-container[1159:22396] *** CFMessagePort: bootstrap_register(): failed 1100 (0x44c) 'Permission denied', port = 0x9d3b, name = 'com.apple.tsm.portname'
See /usr/include/servers/bootstrap_defs.h for the error codes.
2017-03-29 13:54:09.635 plugin-container[1159:22396] *** CFMessagePort: bootstrap_register(): failed 1100 (0x44c) 'Permission denied', port = 0xa003, name = 'com.apple.CFPasteboardClient'
See /usr/include/servers/bootstrap_defs.h for the error codes.
1490842495771	geckodriver	INFO	Listening on 127.0.0.1:51445
1490842495846	mozprofile::profile	INFO	Using profile path /var/folders/hr/lf3xj9js0_1gtld_ldw7jynh32drgp/T/rust_mozprofile.W3cdBumV4fmC
1490842495847	geckodriver::marionette	INFO	Starting browser /Applications/Firefox.app/Contents/MacOS/firefox-bin with args []
1490842495849	geckodriver::marionette	INFO	Connecting to Marionette on localhost:51452
1490842496450	Marionette	INFO	Listening on port 51452
2017-03-29 19:54:58.006 plugin-container[986:22413] *** CFMessagePort: bootstrap_register(): failed 1100 (0x44c) 'Permission denied', port = 0x9b37, name = 'com.apple.tsm.portname'
See /usr/include/servers/bootstrap_defs.h for the error codes.
2017-03-29 19:54:58.010 plugin-container[986:22413] *** CFMessagePort: bootstrap_register(): failed 1100 (0x44c) 'Permission denied', port = 0x9e03, name = 'com.apple.CFPasteboardClient'
See /usr/include/servers/bootstrap_defs.h for the error codes.
1490842615359	geckodriver	INFO	Listening on 127.0.0.1:51495
1490842616403	mozprofile::profile	INFO	Using profile path /var/folders/hr/lf3xj9js0_1gtld_ldw7jynh32drgp/T/rust_mozprofile.V7J83jilbBuR
1490842616404	geckodriver::marionette	INFO	Starting browser /Applications/Firefox.app/Contents/MacOS/firefox-bin with args []
1490842616407	geckodriver::marionette	INFO	Connecting to Marionette on localhost:51504
1490842616972	Marionette	INFO	Listening on port 51504
1490842617241	Marionette	WARN	TLS certificate errors will be ignored for this session
2017-03-29 19:56:58.277 plugin-container[1204:23869] *** CFMessagePort: bootstrap_register(): failed 1100 (0x44c) 'Permission denied', port = 0x9c3b, name = 'com.apple.tsm.portname'
See /usr/include/servers/bootstrap_defs.h for the error codes.
2017-03-29 19:56:58.280 plugin-container[1204:23869] *** CFMessagePort: bootstrap_register(): failed 1100 (0x44c) 'Permission denied', port = 0x9f03, name = 'com.apple.CFPasteboardClient'
See /usr/include/servers/bootstrap_defs.h for the error codes.
JavaScript warning: http://static.parastorage.com/services/third-party/jquery/2.0.3/jquery.min.js, line 1: Using //@ to indicate sourceMappingURL pragmas is deprecated. Use //# instead
1490842644189	geckodriver	INFO	Listening on 127.0.0.1:51584
1490842645239	mozprofile::profile	INFO	Using profile path /var/folders/hr/lf3xj9js0_1gtld_ldw7jynh32drgp/T/rust_mozprofile.D4zrvQ45lwrf
1490842645240	geckodriver::marionette	INFO	Starting browser /Applications/Firefox.app/Contents/MacOS/firefox-bin with args []
1490842645242	geckodriver::marionette	INFO	Connecting to Marionette on localhost:51593
1490842645850	Marionette	INFO	Listening on port 51593
1490842646123	Marionette	WARN	TLS certificate errors will be ignored for this session
2017-03-29 19:57:27.176 plugin-container[1219:24334] *** CFMessagePort: bootstrap_register(): failed 1100 (0x44c) 'Permission denied', port = 0x9b3b, name = 'com.apple.tsm.portname'
See /usr/include/servers/bootstrap_defs.h for the error codes.
2017-03-29 19:57:27.178 plugin-container[1219:24334] *** CFMessagePort: bootstrap_register(): failed 1100 (0x44c) 'Permission denied', port = 0x9e03, name = 'com.apple.CFPasteboardClient'
See /usr/include/servers/bootstrap_defs.h for the error codes.
JavaScript warning: http://static.parastorage.com/services/third-party/jquery/2.0.3/jquery.min.js, line 1: Using //@ to indicate sourceMappingURL pragmas is deprecated. Use //# instead
1494537971211	geckodriver	INFO	Listening on 127.0.0.1:50665
1494537972254	geckodriver::marionette	INFO	Starting browser /Applications/Firefox.app/Contents/MacOS/firefox-bin with args ["-marionette"]
1494537973726	Marionette	INFO	Listening on port 50674
1494537973811	Marionette	WARN	TLS certificate errors will be ignored for this session
2017-05-11 14:26:14.065 plugin-container[823:33533] *** CFMessagePort: bootstrap_register(): failed 1100 (0x44c) 'Permission denied', port = 0x9c37, name = 'com.apple.tsm.portname'
See /usr/include/servers/bootstrap_defs.h for the error codes.
2017-05-11 14:26:14.067 plugin-container[823:33533] *** CFMessagePort: bootstrap_register(): failed 1100 (0x44c) 'Permission denied', port = 0x9f03, name = 'com.apple.CFPasteboardClient'
See /usr/include/servers/bootstrap_defs.h for the error codes.
1494538037169	geckodriver	INFO	Listening on 127.0.0.1:50737
1494538038217	geckodriver::marionette	INFO	Starting browser /Applications/Firefox.app/Contents/MacOS/firefox-bin with args ["-marionette"]
1494538039795	Marionette	INFO	Listening on port 50746
1494538039888	Marionette	WARN	TLS certificate errors will be ignored for this session
2017-05-11 14:27:20.167 plugin-container[1008:34820] *** CFMessagePort: bootstrap_register(): failed 1100 (0x44c) 'Permission denied', port = 0x9c3b, name = 'com.apple.tsm.portname'
See /usr/include/servers/bootstrap_defs.h for the error codes.
2017-05-11 14:27:20.168 plugin-container[1008:34820] *** CFMessagePort: bootstrap_register(): failed 1100 (0x44c) 'Permission denied', port = 0x9f03, name = 'com.apple.CFPasteboardClient'
See /usr/include/servers/bootstrap_defs.h for the error codes.
JavaScript warning: http://static.parastorage.com/services/third-party/jquery/2.0.3/jquery.min.js, line 1: Using //@ to indicate sourceMappingURL pragmas is deprecated. Use //# instead
