02/11/2019 04:38:47 PM - LoginTests - INFO: *#*#*#*#*#*#*#*#*#*#*#*#*#*#*#*#*#*#*#*#
02/11/2019 04:38:47 PM - LoginTests - INFO: test_t1invalidLogin started
02/11/2019 04:38:47 PM - LoginTests - INFO: *#*#*#*#*#*#*#*#*#*#*#*#*#*#*#*#*#*#*#*#
02/11/2019 04:38:47 PM - LoginTests - INFO: *#*#*#*#*#*#*#*#*#*#*#*#*#*#*#*#*#*#*#*#
02/11/2019 04:38:47 PM - LoginTests - INFO: test_t2ValidLogin started
02/11/2019 04:38:47 PM - LoginTests - INFO: *#*#*#*#*#*#*#*#*#*#*#*#*#*#*#*#*#*#*#*#
02/11/2019 04:39:00 PM - LoginPage - INFO: Element found with locator: Login and  locatorType: link
02/11/2019 04:39:00 PM - LoginPage - INFO: Clicked on element with locator: Login locatorType: link
02/11/2019 04:39:03 PM - LoginPage - INFO: Element found with locator: user_email and  locatorType: id
02/11/2019 04:39:03 PM - LoginPage - INFO: Element found with locator: user_password and  locatorType: id
02/11/2019 04:39:03 PM - LoginPage - INFO: Element found with locator: user_email and  locatorType: id
02/11/2019 04:39:03 PM - LoginPage - INFO: Sent data on element with locator: user_email locatorType: id
02/11/2019 04:39:03 PM - LoginPage - INFO: Element found with locator: user_password and  locatorType: id
02/11/2019 04:39:03 PM - LoginPage - INFO: Sent data on element with locator: user_password locatorType: id
02/11/2019 04:39:03 PM - LoginPage - INFO: Element found with locator: commit and  locatorType: name
02/11/2019 04:39:08 PM - LoginPage - INFO: Clicked on element with locator: commit locatorType: name
02/11/2019 04:39:08 PM - NavigationPage - INFO: Element found with locator: My Courses and  locatorType: link
02/11/2019 04:39:08 PM - NavigationPage - INFO: Clicked on element with locator: My Courses locatorType: link
02/11/2019 04:39:08 PM - RegisterCoursesPage - INFO: Element found with locator: search-courses and  locatorType: id
02/11/2019 04:39:08 PM - RegisterCoursesPage - INFO: Cannot send data on the element with locator: search-courses locatorType: id
02/11/2019 04:39:09 PM - RegisterCoursesPage - INFO: Element found with locator: search-course-button and  locatorType: id
02/11/2019 04:39:10 PM - RegisterCoursesPage - INFO: Clicked on element with locator: search-course-button locatorType: id
02/11/2019 04:39:10 PM - RegisterCoursesPage - INFO: Element found with locator: //div[contains(@class,'course-listing-title') and contains(text(),'JavaScript for beginners')] and  locatorType: xpath
02/11/2019 04:39:10 PM - RegisterCoursesPage - INFO: Clicked on element with locator: //div[contains(@class,'course-listing-title') and contains(text(),'JavaScript for beginners')] locatorType: xpath
02/11/2019 04:39:11 PM - RegisterCoursesPage - INFO: Element found with locator: enroll-button-top and  locatorType: id
02/11/2019 04:39:18 PM - RegisterCoursesPage - INFO: Clicked on element with locator: enroll-button-top locatorType: id
02/11/2019 04:39:21 PM - RegisterCoursesPage - INFO: Element found with locator: //input[@aria-label='Credit or debit card number'] and  locatorType: xpath
02/11/2019 04:39:21 PM - RegisterCoursesPage - INFO: Sent data on element with locator: //input[@aria-label='Credit or debit card number'] locatorType: xpath
02/11/2019 04:39:24 PM - RegisterCoursesPage - INFO: Element found with locator: exp-date and  locatorType: name
02/11/2019 04:39:24 PM - RegisterCoursesPage - INFO: Sent data on element with locator: exp-date locatorType: name
02/11/2019 04:39:28 PM - RegisterCoursesPage - INFO: Element found with locator: cvc and  locatorType: name
02/11/2019 04:39:28 PM - RegisterCoursesPage - INFO: Sent data on element with locator: cvc locatorType: name
02/11/2019 04:39:31 PM - RegisterCoursesPage - INFO: Element found with locator: postal and  locatorType: name
02/11/2019 04:39:31 PM - RegisterCoursesPage - INFO: Sent data on element with locator: postal locatorType: name
02/11/2019 04:39:31 PM - RegisterCoursesPage - INFO: Element found with locator: agreed_to_terms_checkbox and  locatorType: id
02/11/2019 04:39:31 PM - RegisterCoursesPage - INFO: Clicked on element with locator: agreed_to_terms_checkbox locatorType: id
02/11/2019 04:39:31 PM - RegisterCoursesPage - INFO: Element found with locator: //button[@id='confirm-purchase']/parent::div and  locatorType: xpath
02/11/2019 04:39:31 PM - RegisterCoursesPage - INFO: Attribute value From Application Web UI --> :: spc__primary-submit is-disabled
02/11/2019 04:39:31 PM - RegisterCoursesPage - INFO: Element :: 'Enroll Button' is not enabled
02/11/2019 04:39:31 PM - TestStatus - INFO: ### VERIFICATION SUCCESSFUL :: + Enrollment Failed Verification
02/11/2019 04:39:31 PM - TestStatus - INFO: test_invalidEnrollment ### TEST SUCCESSFUL
02/11/2019 04:39:34 PM - NavigationPage - INFO: Element not found with locator: My Courses and locatorType: link
02/11/2019 04:39:34 PM - NavigationPage - INFO: Cannot click on the element with locator: My Courses locatorType: link
02/11/2019 04:39:37 PM - RegisterCoursesPage - INFO: Element not found with locator: search-courses and locatorType: id
02/11/2019 04:39:37 PM - RegisterCoursesPage - INFO: Cannot send data on the element with locator: search-courses locatorType: id
02/11/2019 04:39:40 PM - RegisterCoursesPage - INFO: Element not found with locator: search-course-button and locatorType: id
02/11/2019 04:39:40 PM - RegisterCoursesPage - INFO: Cannot click on the element with locator: search-course-button locatorType: id
02/11/2019 04:39:43 PM - RegisterCoursesPage - INFO: Element not found with locator: //div[contains(@class,'course-listing-title') and contains(text(),'Learn Python 3 from scratch')] and locatorType: xpath
02/11/2019 04:39:43 PM - RegisterCoursesPage - INFO: Cannot click on the element with locator: //div[contains(@class,'course-listing-title') and contains(text(),'Learn Python 3 from scratch')] locatorType: xpath
02/11/2019 04:39:47 PM - RegisterCoursesPage - INFO: Element not found with locator: enroll-button-top and locatorType: id
02/11/2019 04:39:47 PM - RegisterCoursesPage - INFO: Cannot click on the element with locator: enroll-button-top locatorType: id
02/11/2019 04:39:50 PM - RegisterCoursesPage - INFO: Element found with locator: //input[@aria-label='Credit or debit card number'] and  locatorType: xpath
02/11/2019 04:39:50 PM - RegisterCoursesPage - INFO: Sent data on element with locator: //input[@aria-label='Credit or debit card number'] locatorType: xpath
02/11/2019 04:39:53 PM - RegisterCoursesPage - INFO: Element found with locator: exp-date and  locatorType: name
02/11/2019 04:39:53 PM - RegisterCoursesPage - INFO: Sent data on element with locator: exp-date locatorType: name
02/11/2019 04:39:56 PM - RegisterCoursesPage - INFO: Element found with locator: cvc and  locatorType: name
02/11/2019 04:39:56 PM - RegisterCoursesPage - INFO: Sent data on element with locator: cvc locatorType: name
02/11/2019 04:39:59 PM - RegisterCoursesPage - INFO: Element found with locator: postal and  locatorType: name
02/11/2019 04:39:59 PM - RegisterCoursesPage - INFO: Sent data on element with locator: postal locatorType: name
02/11/2019 04:39:59 PM - RegisterCoursesPage - INFO: Element found with locator: agreed_to_terms_checkbox and  locatorType: id
02/11/2019 04:40:00 PM - RegisterCoursesPage - INFO: Clicked on element with locator: agreed_to_terms_checkbox locatorType: id
02/11/2019 04:40:00 PM - RegisterCoursesPage - INFO: Element found with locator: //button[@id='confirm-purchase']/parent::div and  locatorType: xpath
02/11/2019 04:40:00 PM - RegisterCoursesPage - INFO: Attribute value From Application Web UI --> :: spc__primary-submit is-disabled
02/11/2019 04:40:00 PM - RegisterCoursesPage - INFO: Element :: 'Enroll Button' is not enabled
02/11/2019 04:40:00 PM - TestStatus - INFO: ### VERIFICATION SUCCESSFUL :: + Enrollment Failed Verification
02/11/2019 04:40:00 PM - TestStatus - INFO: test_invalidEnrollment ### TEST SUCCESSFUL
02/11/2019 04:40:12 PM - LoginPage - INFO: Element found with locator: Login and  locatorType: link
02/11/2019 04:40:12 PM - LoginPage - INFO: Clicked on element with locator: Login locatorType: link
02/11/2019 04:40:14 PM - LoginPage - INFO: Element found with locator: user_email and  locatorType: id
02/11/2019 04:40:14 PM - LoginPage - INFO: Element found with locator: user_password and  locatorType: id
02/11/2019 04:40:14 PM - LoginPage - INFO: Element found with locator: user_email and  locatorType: id
02/11/2019 04:40:14 PM - LoginPage - INFO: Sent data on element with locator: user_email locatorType: id
02/11/2019 04:40:14 PM - LoginPage - INFO: Element found with locator: user_password and  locatorType: id
02/11/2019 04:40:14 PM - LoginPage - INFO: Sent data on element with locator: user_password locatorType: id
02/11/2019 04:40:14 PM - LoginPage - INFO: Element found with locator: commit and  locatorType: name
02/11/2019 04:40:18 PM - LoginPage - INFO: Clicked on element with locator: commit locatorType: name
02/11/2019 04:40:18 PM - LoginTests - INFO: *#*#*#*#*#*#*#*#*#*#*#*#*#*#*#*#*#*#*#*#
02/11/2019 04:40:18 PM - LoginTests - INFO: test_t1invalidLogin started
02/11/2019 04:40:18 PM - LoginTests - INFO: *#*#*#*#*#*#*#*#*#*#*#*#*#*#*#*#*#*#*#*#
02/11/2019 04:40:18 PM - NavigationPage - INFO: Waiting for maximum :: 10 :: seconds for element to be clickable
02/11/2019 04:40:18 PM - NavigationPage - INFO: Element appeared on the web page
02/11/2019 04:40:18 PM - NavigationPage - INFO: Element found with locator: //div[@id='navbar']//li[@class='dropdown'] and  locatorType: xpath
02/11/2019 04:40:19 PM - NavigationPage - INFO: Clicked on element with locator: //div[@id='navbar']//li[@class='dropdown'] locatorType: xpath
02/11/2019 04:40:19 PM - LoginPage - INFO: Waiting for maximum :: 10 :: seconds for element to be clickable
02/11/2019 04:40:19 PM - LoginPage - INFO: Element appeared on the web page
02/11/2019 04:40:19 PM - LoginPage - INFO: Element found with locator: //div[@id='navbar']//a[@href='/sign_out'] and  locatorType: xpath
02/11/2019 04:40:24 PM - LoginPage - INFO: Clicked on element with locator: //div[@id='navbar']//a[@href='/sign_out'] locatorType: xpath
02/11/2019 04:40:27 PM - LoginPage - INFO: Element not found with locator: Login and locatorType: link
02/11/2019 04:40:27 PM - LoginPage - INFO: Cannot click on the element with locator: Login locatorType: link
02/11/2019 04:40:30 PM - LoginPage - INFO: Element not found with locator: user_email and locatorType: id
02/11/2019 04:40:30 PM - LoginTests - INFO: *#*#*#*#*#*#*#*#*#*#*#*#*#*#*#*#*#*#*#*#
02/11/2019 04:40:30 PM - LoginTests - INFO: test_t2ValidLogin started
02/11/2019 04:40:30 PM - LoginTests - INFO: *#*#*#*#*#*#*#*#*#*#*#*#*#*#*#*#*#*#*#*#
02/11/2019 04:40:30 PM - LoginPage - INFO: Element found with locator: Login and  locatorType: link
02/11/2019 04:40:30 PM - LoginPage - INFO: Clicked on element with locator: Login locatorType: link
02/11/2019 04:40:31 PM - LoginPage - INFO: Element found with locator: user_email and  locatorType: id
02/11/2019 04:40:32 PM - LoginPage - INFO: Element found with locator: user_password and  locatorType: id
02/11/2019 04:40:32 PM - LoginPage - INFO: Element found with locator: user_email and  locatorType: id
02/11/2019 04:40:32 PM - LoginPage - INFO: Sent data on element with locator: user_email locatorType: id
02/11/2019 04:40:32 PM - LoginPage - INFO: Element found with locator: user_password and  locatorType: id
02/11/2019 04:40:32 PM - LoginPage - INFO: Sent data on element with locator: user_password locatorType: id
02/11/2019 04:40:32 PM - LoginPage - INFO: Element found with locator: commit and  locatorType: name
02/11/2019 04:40:34 PM - LoginPage - INFO: Clicked on element with locator: commit locatorType: name
02/11/2019 04:40:34 PM - Util - INFO: Actual Text From Application Web UI --> :: Let's Kode It
02/11/2019 04:40:34 PM - Util - INFO: Expected Text From Application Web UI --> :: Let's Kode It
02/11/2019 04:40:34 PM - Util - INFO: ### VERIFICATION CONTAINS !!!
02/11/2019 04:40:34 PM - TestStatus - INFO: ### VERIFICATION SUCCESSFUL :: + Title Verification
02/11/2019 04:40:34 PM - LoginPage - INFO: Waiting for maximum :: 10 :: seconds for element to be clickable
02/11/2019 04:40:35 PM - LoginPage - INFO: Element appeared on the web page
02/11/2019 04:40:35 PM - LoginPage - INFO: Element found with locator: //div[@id='navbar']//li[@class='dropdown'] and  locatorType: xpath
02/11/2019 04:40:35 PM - LoginPage - INFO: Element present with locator: //div[@id='navbar']//li[@class='dropdown'] locatorType: xpath
02/11/2019 04:40:35 PM - TestStatus - INFO: ### VERIFICATION SUCCESSFUL :: + Login Verification
02/11/2019 04:40:35 PM - TestStatus - INFO: test_t2validLogin ### TEST SUCCESSFUL
02/11/2019 04:42:03 PM - LoginTests - INFO: *#*#*#*#*#*#*#*#*#*#*#*#*#*#*#*#*#*#*#*#
02/11/2019 04:42:03 PM - LoginTests - INFO: test_t1invalidLogin started
02/11/2019 04:42:03 PM - LoginTests - INFO: *#*#*#*#*#*#*#*#*#*#*#*#*#*#*#*#*#*#*#*#
02/11/2019 04:42:03 PM - LoginTests - INFO: *#*#*#*#*#*#*#*#*#*#*#*#*#*#*#*#*#*#*#*#
02/11/2019 04:42:03 PM - LoginTests - INFO: test_t2ValidLogin started
02/11/2019 04:42:03 PM - LoginTests - INFO: *#*#*#*#*#*#*#*#*#*#*#*#*#*#*#*#*#*#*#*#
02/11/2019 04:42:14 PM - LoginPage - INFO: Element found with locator: Login and  locatorType: link
02/11/2019 04:42:15 PM - LoginPage - INFO: Clicked on element with locator: Login locatorType: link
02/11/2019 04:42:17 PM - LoginPage - INFO: Element found with locator: user_email and  locatorType: id
02/11/2019 04:42:17 PM - LoginPage - INFO: Element found with locator: user_password and  locatorType: id
02/11/2019 04:42:17 PM - LoginPage - INFO: Element found with locator: user_email and  locatorType: id
02/11/2019 04:42:18 PM - LoginPage - INFO: Sent data on element with locator: user_email locatorType: id
02/11/2019 04:42:18 PM - LoginPage - INFO: Element found with locator: user_password and  locatorType: id
02/11/2019 04:42:18 PM - LoginPage - INFO: Sent data on element with locator: user_password locatorType: id
02/11/2019 04:42:18 PM - LoginPage - INFO: Element found with locator: commit and  locatorType: name
02/11/2019 04:42:22 PM - LoginPage - INFO: Clicked on element with locator: commit locatorType: name
02/11/2019 04:42:22 PM - NavigationPage - INFO: Element found with locator: My Courses and  locatorType: link
02/11/2019 04:42:23 PM - NavigationPage - INFO: Clicked on element with locator: My Courses locatorType: link
02/11/2019 04:42:23 PM - RegisterCoursesPage - INFO: Element found with locator: search-courses and  locatorType: id
02/11/2019 04:42:23 PM - RegisterCoursesPage - INFO: Sent data on element with locator: search-courses locatorType: id
02/11/2019 04:42:23 PM - RegisterCoursesPage - INFO: Element found with locator: search-course-button and  locatorType: id
02/11/2019 04:42:25 PM - RegisterCoursesPage - INFO: Clicked on element with locator: search-course-button locatorType: id
02/11/2019 04:42:25 PM - RegisterCoursesPage - INFO: Element found with locator: //div[contains(@class,'course-listing-title') and contains(text(),'JavaScript for beginners')] and  locatorType: xpath
02/11/2019 04:42:26 PM - RegisterCoursesPage - INFO: Clicked on element with locator: //div[contains(@class,'course-listing-title') and contains(text(),'JavaScript for beginners')] locatorType: xpath
02/11/2019 04:42:27 PM - RegisterCoursesPage - INFO: Element found with locator: enroll-button-top and  locatorType: id
02/11/2019 04:42:33 PM - RegisterCoursesPage - INFO: Clicked on element with locator: enroll-button-top locatorType: id
02/11/2019 04:42:41 PM - RegisterCoursesPage - INFO: Element found with locator: //input[@aria-label='Credit or debit card number'] and  locatorType: xpath
02/11/2019 04:42:42 PM - RegisterCoursesPage - INFO: Sent data on element with locator: //input[@aria-label='Credit or debit card number'] locatorType: xpath
02/11/2019 04:42:45 PM - RegisterCoursesPage - INFO: Element found with locator: exp-date and  locatorType: name
02/11/2019 04:42:45 PM - RegisterCoursesPage - INFO: Sent data on element with locator: exp-date locatorType: name
02/11/2019 04:42:49 PM - RegisterCoursesPage - INFO: Element found with locator: cvc and  locatorType: name
02/11/2019 04:42:49 PM - RegisterCoursesPage - INFO: Sent data on element with locator: cvc locatorType: name
02/11/2019 04:42:52 PM - RegisterCoursesPage - INFO: Element found with locator: postal and  locatorType: name
02/11/2019 04:42:52 PM - RegisterCoursesPage - INFO: Sent data on element with locator: postal locatorType: name
02/11/2019 04:42:52 PM - RegisterCoursesPage - INFO: Element found with locator: agreed_to_terms_checkbox and  locatorType: id
02/11/2019 04:42:52 PM - RegisterCoursesPage - INFO: Clicked on element with locator: agreed_to_terms_checkbox locatorType: id
02/11/2019 04:42:52 PM - RegisterCoursesPage - INFO: Element found with locator: //button[@id='confirm-purchase']/parent::div and  locatorType: xpath
02/11/2019 04:42:52 PM - RegisterCoursesPage - INFO: Attribute value From Application Web UI --> :: spc__primary-submit is-disabled
02/11/2019 04:42:52 PM - RegisterCoursesPage - INFO: Element :: 'Enroll Button' is not enabled
02/11/2019 04:42:52 PM - TestStatus - INFO: ### VERIFICATION SUCCESSFUL :: + Enrollment Failed Verification
02/11/2019 04:42:52 PM - TestStatus - INFO: test_invalidEnrollment ### TEST SUCCESSFUL
02/11/2019 04:42:55 PM - NavigationPage - INFO: Element not found with locator: My Courses and locatorType: link
02/11/2019 04:42:55 PM - NavigationPage - INFO: Cannot click on the element with locator: My Courses locatorType: link
02/11/2019 04:42:58 PM - RegisterCoursesPage - INFO: Element not found with locator: search-courses and locatorType: id
02/11/2019 04:42:58 PM - RegisterCoursesPage - INFO: Cannot send data on the element with locator: search-courses locatorType: id
02/11/2019 04:43:01 PM - RegisterCoursesPage - INFO: Element not found with locator: search-course-button and locatorType: id
02/11/2019 04:43:01 PM - RegisterCoursesPage - INFO: Cannot click on the element with locator: search-course-button locatorType: id
02/11/2019 04:43:04 PM - RegisterCoursesPage - INFO: Element not found with locator: //div[contains(@class,'course-listing-title') and contains(text(),'Learn Python 3 from scratch')] and locatorType: xpath
02/11/2019 04:43:04 PM - RegisterCoursesPage - INFO: Cannot click on the element with locator: //div[contains(@class,'course-listing-title') and contains(text(),'Learn Python 3 from scratch')] locatorType: xpath
02/11/2019 04:43:08 PM - RegisterCoursesPage - INFO: Element not found with locator: enroll-button-top and locatorType: id
02/11/2019 04:43:08 PM - RegisterCoursesPage - INFO: Cannot click on the element with locator: enroll-button-top locatorType: id
02/11/2019 04:43:11 PM - RegisterCoursesPage - INFO: Element found with locator: //input[@aria-label='Credit or debit card number'] and  locatorType: xpath
02/11/2019 04:43:11 PM - RegisterCoursesPage - INFO: Sent data on element with locator: //input[@aria-label='Credit or debit card number'] locatorType: xpath
02/11/2019 04:43:14 PM - RegisterCoursesPage - INFO: Element found with locator: exp-date and  locatorType: name
02/11/2019 04:43:14 PM - RegisterCoursesPage - INFO: Sent data on element with locator: exp-date locatorType: name
02/11/2019 04:43:17 PM - RegisterCoursesPage - INFO: Element found with locator: cvc and  locatorType: name
02/11/2019 04:43:17 PM - RegisterCoursesPage - INFO: Sent data on element with locator: cvc locatorType: name
02/11/2019 04:43:20 PM - RegisterCoursesPage - INFO: Element found with locator: postal and  locatorType: name
02/11/2019 04:43:20 PM - RegisterCoursesPage - INFO: Sent data on element with locator: postal locatorType: name
02/11/2019 04:43:20 PM - RegisterCoursesPage - INFO: Element found with locator: agreed_to_terms_checkbox and  locatorType: id
02/11/2019 04:43:21 PM - RegisterCoursesPage - INFO: Clicked on element with locator: agreed_to_terms_checkbox locatorType: id
02/11/2019 04:43:21 PM - RegisterCoursesPage - INFO: Element found with locator: //button[@id='confirm-purchase']/parent::div and  locatorType: xpath
02/11/2019 04:43:21 PM - RegisterCoursesPage - INFO: Attribute value From Application Web UI --> :: spc__primary-submit is-disabled
02/11/2019 04:43:21 PM - RegisterCoursesPage - INFO: Element :: 'Enroll Button' is not enabled
02/11/2019 04:43:21 PM - TestStatus - INFO: ### VERIFICATION SUCCESSFUL :: + Enrollment Failed Verification
02/11/2019 04:43:21 PM - TestStatus - INFO: test_invalidEnrollment ### TEST SUCCESSFUL
02/11/2019 04:43:32 PM - LoginPage - INFO: Element found with locator: Login and  locatorType: link
02/11/2019 04:43:32 PM - LoginPage - INFO: Clicked on element with locator: Login locatorType: link
02/11/2019 04:43:34 PM - LoginPage - INFO: Element found with locator: user_email and  locatorType: id
02/11/2019 04:43:34 PM - LoginPage - INFO: Element found with locator: user_password and  locatorType: id
02/11/2019 04:43:35 PM - LoginPage - INFO: Element found with locator: user_email and  locatorType: id
02/11/2019 04:43:35 PM - LoginPage - INFO: Sent data on element with locator: user_email locatorType: id
02/11/2019 04:43:35 PM - LoginPage - INFO: Element found with locator: user_password and  locatorType: id
02/11/2019 04:43:35 PM - LoginPage - INFO: Sent data on element with locator: user_password locatorType: id
02/11/2019 04:43:35 PM - LoginPage - INFO: Element found with locator: commit and  locatorType: name
02/11/2019 04:43:39 PM - LoginPage - INFO: Clicked on element with locator: commit locatorType: name
02/11/2019 04:43:39 PM - LoginTests - INFO: *#*#*#*#*#*#*#*#*#*#*#*#*#*#*#*#*#*#*#*#
02/11/2019 04:43:39 PM - LoginTests - INFO: test_t1invalidLogin started
02/11/2019 04:43:39 PM - LoginTests - INFO: *#*#*#*#*#*#*#*#*#*#*#*#*#*#*#*#*#*#*#*#
02/11/2019 04:43:39 PM - NavigationPage - INFO: Waiting for maximum :: 10 :: seconds for element to be clickable
02/11/2019 04:43:39 PM - NavigationPage - INFO: Element appeared on the web page
02/11/2019 04:43:39 PM - NavigationPage - INFO: Element found with locator: //div[@id='navbar']//li[@class='dropdown'] and  locatorType: xpath
02/11/2019 04:43:40 PM - NavigationPage - INFO: Clicked on element with locator: //div[@id='navbar']//li[@class='dropdown'] locatorType: xpath
02/11/2019 04:43:40 PM - LoginPage - INFO: Waiting for maximum :: 10 :: seconds for element to be clickable
02/11/2019 04:43:40 PM - LoginPage - INFO: Element appeared on the web page
02/11/2019 04:43:40 PM - LoginPage - INFO: Element found with locator: //div[@id='navbar']//a[@href='/sign_out'] and  locatorType: xpath
02/11/2019 04:43:43 PM - LoginPage - INFO: Clicked on element with locator: //div[@id='navbar']//a[@href='/sign_out'] locatorType: xpath
02/11/2019 04:43:43 PM - LoginPage - INFO: Element found with locator: Login and  locatorType: link
02/11/2019 04:43:43 PM - LoginPage - INFO: Clicked on element with locator: Login locatorType: link
02/11/2019 04:43:44 PM - LoginPage - INFO: Element found with locator: user_email and  locatorType: id
02/11/2019 04:43:45 PM - LoginPage - INFO: Element found with locator: user_password and  locatorType: id
02/11/2019 04:43:45 PM - LoginPage - INFO: Element found with locator: user_email and  locatorType: id
02/11/2019 04:43:45 PM - LoginPage - INFO: Sent data on element with locator: user_email locatorType: id
02/11/2019 04:43:45 PM - LoginPage - INFO: Element found with locator: user_password and  locatorType: id
02/11/2019 04:43:45 PM - LoginPage - INFO: Sent data on element with locator: user_password locatorType: id
02/11/2019 04:43:45 PM - LoginPage - INFO: Element found with locator: commit and  locatorType: name
02/11/2019 04:43:47 PM - LoginPage - INFO: Clicked on element with locator: commit locatorType: name
02/11/2019 04:43:47 PM - LoginPage - INFO: Element found with locator: //div[contains(text(),'Invalid email or password')] and  locatorType: xpath
02/11/2019 04:43:47 PM - LoginPage - INFO: Element present with locator: //div[contains(text(),'Invalid email or password')] locatorType: xpath
02/11/2019 04:43:47 PM - LoginTests - INFO: *#*#*#*#*#*#*#*#*#*#*#*#*#*#*#*#*#*#*#*#
02/11/2019 04:43:47 PM - LoginTests - INFO: test_t2ValidLogin started
02/11/2019 04:43:47 PM - LoginTests - INFO: *#*#*#*#*#*#*#*#*#*#*#*#*#*#*#*#*#*#*#*#
02/11/2019 04:43:50 PM - LoginPage - INFO: Element not found with locator: Login and locatorType: link
02/11/2019 04:43:50 PM - LoginPage - INFO: Cannot click on the element with locator: Login locatorType: link
02/11/2019 04:43:50 PM - LoginPage - INFO: Element found with locator: user_email and  locatorType: id
02/11/2019 04:43:50 PM - LoginPage - INFO: Element found with locator: user_password and  locatorType: id
02/11/2019 04:43:50 PM - LoginPage - INFO: Element found with locator: user_email and  locatorType: id
02/11/2019 04:43:50 PM - LoginPage - INFO: Sent data on element with locator: user_email locatorType: id
02/11/2019 04:43:50 PM - LoginPage - INFO: Element found with locator: user_password and  locatorType: id
02/11/2019 04:43:50 PM - LoginPage - INFO: Sent data on element with locator: user_password locatorType: id
02/11/2019 04:43:50 PM - LoginPage - INFO: Element found with locator: commit and  locatorType: name
02/11/2019 04:43:53 PM - LoginPage - INFO: Clicked on element with locator: commit locatorType: name
02/11/2019 04:43:53 PM - Util - INFO: Actual Text From Application Web UI --> :: Let's Kode It
02/11/2019 04:43:53 PM - Util - INFO: Expected Text From Application Web UI --> :: Let's Kode It
02/11/2019 04:43:53 PM - Util - INFO: ### VERIFICATION CONTAINS !!!
02/11/2019 04:43:53 PM - TestStatus - INFO: ### VERIFICATION SUCCESSFUL :: + Title Verification
02/11/2019 04:43:53 PM - LoginPage - INFO: Waiting for maximum :: 10 :: seconds for element to be clickable
02/11/2019 04:43:53 PM - LoginPage - INFO: Element appeared on the web page
02/11/2019 04:43:53 PM - LoginPage - INFO: Element found with locator: //div[@id='navbar']//li[@class='dropdown'] and  locatorType: xpath
02/11/2019 04:43:53 PM - LoginPage - INFO: Element present with locator: //div[@id='navbar']//li[@class='dropdown'] locatorType: xpath
02/11/2019 04:43:53 PM - TestStatus - INFO: ### VERIFICATION SUCCESSFUL :: + Login Verification
02/11/2019 04:43:53 PM - TestStatus - INFO: test_t2validLogin ### TEST SUCCESSFUL
10/22/2019 12:34:54 PM - LoginTests - INFO: *#*#*#*#*#*#*#*#*#*#*#*#*#*#*#*#*#*#*#*#
10/22/2019 12:34:54 PM - LoginTests - INFO: test_t1invalidLogin started
10/22/2019 12:34:54 PM - LoginTests - INFO: *#*#*#*#*#*#*#*#*#*#*#*#*#*#*#*#*#*#*#*#
10/22/2019 12:34:54 PM - LoginTests - INFO: *#*#*#*#*#*#*#*#*#*#*#*#*#*#*#*#*#*#*#*#
10/22/2019 12:34:54 PM - LoginTests - INFO: test_t2ValidLogin started
10/22/2019 12:34:54 PM - LoginTests - INFO: *#*#*#*#*#*#*#*#*#*#*#*#*#*#*#*#*#*#*#*#
10/22/2019 12:35:10 PM - LoginPage - INFO: Element found with locator: Login and  locatorType: link
10/22/2019 12:35:10 PM - LoginPage - INFO: Clicked on element with locator: Login locatorType: link
10/22/2019 12:35:12 PM - LoginPage - INFO: Element found with locator: user_email and  locatorType: id
10/22/2019 12:35:13 PM - LoginPage - INFO: Element found with locator: user_password and  locatorType: id
10/22/2019 12:35:13 PM - LoginPage - INFO: Element found with locator: user_email and  locatorType: id
10/22/2019 12:35:13 PM - LoginPage - INFO: Sent data on element with locator: user_email locatorType: id
10/22/2019 12:35:13 PM - LoginPage - INFO: Element found with locator: user_password and  locatorType: id
10/22/2019 12:35:13 PM - LoginPage - INFO: Sent data on element with locator: user_password locatorType: id
10/22/2019 12:35:13 PM - LoginPage - INFO: Element found with locator: commit and  locatorType: name
10/22/2019 12:35:18 PM - LoginPage - INFO: Clicked on element with locator: commit locatorType: name
10/22/2019 12:35:19 PM - NavigationPage - INFO: Element found with locator: My Courses and  locatorType: link
10/22/2019 12:35:19 PM - NavigationPage - INFO: Clicked on element with locator: My Courses locatorType: link
10/22/2019 12:35:19 PM - RegisterCoursesPage - INFO: Element found with locator: search-courses and  locatorType: id
10/22/2019 12:35:19 PM - RegisterCoursesPage - INFO: Sent data on element with locator: search-courses locatorType: id
10/22/2019 12:35:19 PM - RegisterCoursesPage - INFO: Element found with locator: search-course-button and  locatorType: id
10/22/2019 12:35:21 PM - RegisterCoursesPage - INFO: Clicked on element with locator: search-course-button locatorType: id
10/22/2019 12:35:21 PM - RegisterCoursesPage - INFO: Element found with locator: //div[contains(@class,'course-listing-title') and contains(text(),'JavaScript for beginners')] and  locatorType: xpath
10/22/2019 12:35:22 PM - RegisterCoursesPage - INFO: Clicked on element with locator: //div[contains(@class,'course-listing-title') and contains(text(),'JavaScript for beginners')] locatorType: xpath
10/22/2019 12:35:22 PM - RegisterCoursesPage - INFO: Element found with locator: enroll-button-top and  locatorType: id
10/22/2019 12:35:28 PM - RegisterCoursesPage - INFO: Clicked on element with locator: enroll-button-top locatorType: id
10/22/2019 12:35:38 PM - NavigationPage - INFO: Element not found with locator: My Courses and locatorType: link
10/22/2019 12:35:38 PM - NavigationPage - INFO: Cannot click on the element with locator: My Courses locatorType: link
10/22/2019 12:35:41 PM - RegisterCoursesPage - INFO: Element not found with locator: search-courses and locatorType: id
10/22/2019 12:35:41 PM - RegisterCoursesPage - INFO: Cannot send data on the element with locator: search-courses locatorType: id
10/22/2019 12:35:44 PM - RegisterCoursesPage - INFO: Element not found with locator: search-course-button and locatorType: id
10/22/2019 12:35:44 PM - RegisterCoursesPage - INFO: Cannot click on the element with locator: search-course-button locatorType: id
10/22/2019 12:35:47 PM - RegisterCoursesPage - INFO: Element not found with locator: //div[contains(@class,'course-listing-title') and contains(text(),'Learn Python 3 from scratch')] and locatorType: xpath
10/22/2019 12:35:47 PM - RegisterCoursesPage - INFO: Cannot click on the element with locator: //div[contains(@class,'course-listing-title') and contains(text(),'Learn Python 3 from scratch')] locatorType: xpath
10/22/2019 12:35:50 PM - RegisterCoursesPage - INFO: Element not found with locator: enroll-button-top and locatorType: id
10/22/2019 12:35:50 PM - RegisterCoursesPage - INFO: Cannot click on the element with locator: enroll-button-top locatorType: id
10/22/2019 12:36:20 PM - LoginPage - INFO: Element found with locator: Login and  locatorType: link
10/22/2019 12:36:20 PM - LoginPage - INFO: Clicked on element with locator: Login locatorType: link
10/22/2019 12:36:22 PM - LoginPage - INFO: Element found with locator: user_email and  locatorType: id
10/22/2019 12:36:22 PM - LoginPage - INFO: Element found with locator: user_password and  locatorType: id
10/22/2019 12:36:23 PM - LoginPage - INFO: Element found with locator: user_email and  locatorType: id
10/22/2019 12:36:23 PM - LoginPage - INFO: Sent data on element with locator: user_email locatorType: id
10/22/2019 12:36:23 PM - LoginPage - INFO: Element found with locator: user_password and  locatorType: id
10/22/2019 12:36:23 PM - LoginPage - INFO: Sent data on element with locator: user_password locatorType: id
10/22/2019 12:36:23 PM - LoginPage - INFO: Element found with locator: commit and  locatorType: name
10/22/2019 12:36:28 PM - LoginPage - INFO: Clicked on element with locator: commit locatorType: name
10/22/2019 12:36:28 PM - LoginTests - INFO: *#*#*#*#*#*#*#*#*#*#*#*#*#*#*#*#*#*#*#*#
10/22/2019 12:36:28 PM - LoginTests - INFO: test_t1invalidLogin started
10/22/2019 12:36:28 PM - LoginTests - INFO: *#*#*#*#*#*#*#*#*#*#*#*#*#*#*#*#*#*#*#*#
10/22/2019 12:36:28 PM - NavigationPage - INFO: Waiting for maximum :: 10 :: seconds for element to be clickable
10/22/2019 12:36:28 PM - NavigationPage - INFO: Element appeared on the web page
10/22/2019 12:36:28 PM - NavigationPage - INFO: Element found with locator: //div[@id='navbar']//li[@class='dropdown'] and  locatorType: xpath
10/22/2019 12:36:28 PM - NavigationPage - INFO: Clicked on element with locator: //div[@id='navbar']//li[@class='dropdown'] locatorType: xpath
10/22/2019 12:36:28 PM - LoginPage - INFO: Waiting for maximum :: 10 :: seconds for element to be clickable
10/22/2019 12:36:28 PM - LoginPage - INFO: Element appeared on the web page
10/22/2019 12:36:28 PM - LoginPage - INFO: Element found with locator: //div[@id='navbar']//a[@href='/sign_out'] and  locatorType: xpath
10/22/2019 12:36:32 PM - LoginPage - INFO: Clicked on element with locator: //div[@id='navbar']//a[@href='/sign_out'] locatorType: xpath
10/22/2019 12:36:32 PM - LoginPage - INFO: Element found with locator: Login and  locatorType: link
10/22/2019 12:36:32 PM - LoginPage - INFO: Clicked on element with locator: Login locatorType: link
10/22/2019 12:36:34 PM - LoginPage - INFO: Element found with locator: user_email and  locatorType: id
10/22/2019 12:36:34 PM - LoginPage - INFO: Element found with locator: user_password and  locatorType: id
10/22/2019 12:36:34 PM - LoginPage - INFO: Element found with locator: user_email and  locatorType: id
10/22/2019 12:36:34 PM - LoginPage - INFO: Sent data on element with locator: user_email locatorType: id
10/22/2019 12:36:34 PM - LoginPage - INFO: Element found with locator: user_password and  locatorType: id
10/22/2019 12:36:34 PM - LoginPage - INFO: Sent data on element with locator: user_password locatorType: id
10/22/2019 12:36:35 PM - LoginPage - INFO: Element found with locator: commit and  locatorType: name
10/22/2019 12:36:36 PM - LoginPage - INFO: Clicked on element with locator: commit locatorType: name
10/22/2019 12:36:37 PM - LoginPage - INFO: Element found with locator: //div[contains(text(),'Invalid email or password')] and  locatorType: xpath
10/22/2019 12:36:37 PM - LoginPage - INFO: Element present with locator: //div[contains(text(),'Invalid email or password')] locatorType: xpath
10/22/2019 12:36:37 PM - LoginTests - INFO: *#*#*#*#*#*#*#*#*#*#*#*#*#*#*#*#*#*#*#*#
10/22/2019 12:36:37 PM - LoginTests - INFO: test_t2ValidLogin started
10/22/2019 12:36:37 PM - LoginTests - INFO: *#*#*#*#*#*#*#*#*#*#*#*#*#*#*#*#*#*#*#*#
10/22/2019 12:36:40 PM - LoginPage - INFO: Element not found with locator: Login and locatorType: link
10/22/2019 12:36:40 PM - LoginPage - INFO: Cannot click on the element with locator: Login locatorType: link
10/22/2019 12:36:40 PM - LoginPage - INFO: Element found with locator: user_email and  locatorType: id
10/22/2019 12:36:40 PM - LoginPage - INFO: Element found with locator: user_password and  locatorType: id
10/22/2019 12:36:40 PM - LoginPage - INFO: Element found with locator: user_email and  locatorType: id
10/22/2019 12:36:40 PM - LoginPage - INFO: Sent data on element with locator: user_email locatorType: id
10/22/2019 12:36:40 PM - LoginPage - INFO: Element found with locator: user_password and  locatorType: id
10/22/2019 12:36:40 PM - LoginPage - INFO: Sent data on element with locator: user_password locatorType: id
10/22/2019 12:36:40 PM - LoginPage - INFO: Element found with locator: commit and  locatorType: name
10/22/2019 12:36:43 PM - LoginPage - INFO: Clicked on element with locator: commit locatorType: name
10/22/2019 12:36:43 PM - Util - INFO: Actual Text From Application Web UI --> :: Let's Kode It
10/22/2019 12:36:43 PM - Util - INFO: Expected Text From Application Web UI --> :: Let's Kode It
10/22/2019 12:36:43 PM - Util - INFO: ### VERIFICATION CONTAINS !!!
10/22/2019 12:36:43 PM - TestStatus - INFO: ### VERIFICATION SUCCESSFUL :: + Title Verification
10/22/2019 12:36:43 PM - LoginPage - INFO: Waiting for maximum :: 10 :: seconds for element to be clickable
10/22/2019 12:36:43 PM - LoginPage - INFO: Element appeared on the web page
10/22/2019 12:36:43 PM - LoginPage - INFO: Element found with locator: //div[@id='navbar']//li[@class='dropdown'] and  locatorType: xpath
10/22/2019 12:36:43 PM - LoginPage - INFO: Element present with locator: //div[@id='navbar']//li[@class='dropdown'] locatorType: xpath
10/22/2019 12:36:43 PM - TestStatus - INFO: ### VERIFICATION SUCCESSFUL :: + Login Verification
10/22/2019 12:36:43 PM - TestStatus - INFO: test_t2validLogin ### TEST SUCCESSFUL
10/28/2019 06:46:02 PM - LoginTests - INFO: *#*#*#*#*#*#*#*#*#*#*#*#*#*#*#*#*#*#*#*#
10/28/2019 06:46:02 PM - LoginTests - INFO: test_t1invalidLogin started
10/28/2019 06:46:02 PM - LoginTests - INFO: *#*#*#*#*#*#*#*#*#*#*#*#*#*#*#*#*#*#*#*#
10/28/2019 06:46:02 PM - LoginTests - INFO: *#*#*#*#*#*#*#*#*#*#*#*#*#*#*#*#*#*#*#*#
10/28/2019 06:46:02 PM - LoginTests - INFO: test_t2ValidLogin started
10/28/2019 06:46:02 PM - LoginTests - INFO: *#*#*#*#*#*#*#*#*#*#*#*#*#*#*#*#*#*#*#*#
10/28/2019 06:50:34 PM - LoginTests - INFO: *#*#*#*#*#*#*#*#*#*#*#*#*#*#*#*#*#*#*#*#
10/28/2019 06:50:34 PM - LoginTests - INFO: test_t1invalidLogin started
10/28/2019 06:50:34 PM - LoginTests - INFO: *#*#*#*#*#*#*#*#*#*#*#*#*#*#*#*#*#*#*#*#
10/28/2019 06:50:34 PM - LoginTests - INFO: *#*#*#*#*#*#*#*#*#*#*#*#*#*#*#*#*#*#*#*#
10/28/2019 06:50:34 PM - LoginTests - INFO: test_t2ValidLogin started
10/28/2019 06:50:34 PM - LoginTests - INFO: *#*#*#*#*#*#*#*#*#*#*#*#*#*#*#*#*#*#*#*#
10/28/2019 07:05:10 PM - LoginTests - INFO: *#*#*#*#*#*#*#*#*#*#*#*#*#*#*#*#*#*#*#*#
10/28/2019 07:05:10 PM - LoginTests - INFO: test_t1invalidLogin started
10/28/2019 07:05:10 PM - LoginTests - INFO: *#*#*#*#*#*#*#*#*#*#*#*#*#*#*#*#*#*#*#*#
10/28/2019 07:05:10 PM - LoginTests - INFO: *#*#*#*#*#*#*#*#*#*#*#*#*#*#*#*#*#*#*#*#
10/28/2019 07:05:10 PM - LoginTests - INFO: test_t2ValidLogin started
10/28/2019 07:05:10 PM - LoginTests - INFO: *#*#*#*#*#*#*#*#*#*#*#*#*#*#*#*#*#*#*#*#
10/28/2019 07:12:54 PM - LoginTests - INFO: *#*#*#*#*#*#*#*#*#*#*#*#*#*#*#*#*#*#*#*#
10/28/2019 07:12:54 PM - LoginTests - INFO: test_t1invalidLogin started
10/28/2019 07:12:54 PM - LoginTests - INFO: *#*#*#*#*#*#*#*#*#*#*#*#*#*#*#*#*#*#*#*#
10/28/2019 07:12:54 PM - LoginTests - INFO: *#*#*#*#*#*#*#*#*#*#*#*#*#*#*#*#*#*#*#*#
10/28/2019 07:12:54 PM - LoginTests - INFO: test_t2ValidLogin started
10/28/2019 07:12:54 PM - LoginTests - INFO: *#*#*#*#*#*#*#*#*#*#*#*#*#*#*#*#*#*#*#*#
10/28/2019 07:13:58 PM - LoginTests - INFO: *#*#*#*#*#*#*#*#*#*#*#*#*#*#*#*#*#*#*#*#
10/28/2019 07:13:58 PM - LoginTests - INFO: test_t1invalidLogin started
10/28/2019 07:13:58 PM - LoginTests - INFO: *#*#*#*#*#*#*#*#*#*#*#*#*#*#*#*#*#*#*#*#
10/28/2019 07:13:58 PM - LoginTests - INFO: *#*#*#*#*#*#*#*#*#*#*#*#*#*#*#*#*#*#*#*#
10/28/2019 07:13:58 PM - LoginTests - INFO: test_t2ValidLogin started
10/28/2019 07:13:58 PM - LoginTests - INFO: *#*#*#*#*#*#*#*#*#*#*#*#*#*#*#*#*#*#*#*#
10/28/2019 07:14:10 PM - LoginPage - INFO: Element found with locator: Login and  locatorType: link
10/28/2019 07:14:10 PM - LoginPage - INFO: Clicked on element with locator: Login locatorType: link
10/28/2019 07:14:12 PM - LoginPage - INFO: Element found with locator: user_email and  locatorType: id
10/28/2019 07:14:12 PM - LoginPage - INFO: Element found with locator: user_password and  locatorType: id
10/28/2019 07:14:13 PM - LoginPage - INFO: Element found with locator: user_email and  locatorType: id
10/28/2019 07:14:13 PM - LoginPage - INFO: Sent data on element with locator: user_email locatorType: id
10/28/2019 07:14:13 PM - LoginPage - INFO: Element found with locator: user_password and  locatorType: id
10/28/2019 07:14:13 PM - LoginPage - INFO: Sent data on element with locator: user_password locatorType: id
10/28/2019 07:14:13 PM - LoginPage - INFO: Element found with locator: commit and  locatorType: name
10/28/2019 07:14:17 PM - LoginPage - INFO: Clicked on element with locator: commit locatorType: name
10/28/2019 07:14:17 PM - NavigationPage - INFO: Element found with locator: My Courses and  locatorType: link
10/28/2019 07:14:17 PM - NavigationPage - INFO: Clicked on element with locator: My Courses locatorType: link
10/28/2019 07:14:17 PM - RegisterCoursesPage - INFO: Element found with locator: search-courses and  locatorType: id
10/28/2019 07:14:18 PM - RegisterCoursesPage - INFO: Sent data on element with locator: search-courses locatorType: id
10/28/2019 07:14:18 PM - RegisterCoursesPage - INFO: Element found with locator: search-course-button and  locatorType: id
10/28/2019 07:14:19 PM - RegisterCoursesPage - INFO: Clicked on element with locator: search-course-button locatorType: id
10/28/2019 07:14:19 PM - RegisterCoursesPage - INFO: Element found with locator: //div[contains(@class,'course-listing-title') and contains(text(),'JavaScript for beginners')] and  locatorType: xpath
10/28/2019 07:14:19 PM - RegisterCoursesPage - INFO: Clicked on element with locator: //div[contains(@class,'course-listing-title') and contains(text(),'JavaScript for beginners')] locatorType: xpath
10/28/2019 07:14:20 PM - RegisterCoursesPage - INFO: Element found with locator: enroll-button-top and  locatorType: id
10/28/2019 07:14:26 PM - RegisterCoursesPage - INFO: Clicked on element with locator: enroll-button-top locatorType: id
10/28/2019 07:14:35 PM - NavigationPage - INFO: Element not found with locator: My Courses and locatorType: link
10/28/2019 07:14:35 PM - NavigationPage - INFO: Cannot click on the element with locator: My Courses locatorType: link
10/28/2019 07:14:38 PM - RegisterCoursesPage - INFO: Element not found with locator: search-courses and locatorType: id
10/28/2019 07:14:38 PM - RegisterCoursesPage - INFO: Cannot send data on the element with locator: search-courses locatorType: id
10/28/2019 07:14:41 PM - RegisterCoursesPage - INFO: Element not found with locator: search-course-button and locatorType: id
10/28/2019 07:14:41 PM - RegisterCoursesPage - INFO: Cannot click on the element with locator: search-course-button locatorType: id
10/28/2019 07:14:44 PM - RegisterCoursesPage - INFO: Element not found with locator: //div[contains(@class,'course-listing-title') and contains(text(),'Learn Python 3 from scratch')] and locatorType: xpath
10/28/2019 07:14:44 PM - RegisterCoursesPage - INFO: Cannot click on the element with locator: //div[contains(@class,'course-listing-title') and contains(text(),'Learn Python 3 from scratch')] locatorType: xpath
10/28/2019 07:14:47 PM - RegisterCoursesPage - INFO: Element not found with locator: enroll-button-top and locatorType: id
10/28/2019 07:14:47 PM - RegisterCoursesPage - INFO: Cannot click on the element with locator: enroll-button-top locatorType: id
10/28/2019 07:15:05 PM - LoginPage - INFO: Element found with locator: Login and  locatorType: link
10/28/2019 07:15:05 PM - LoginPage - INFO: Clicked on element with locator: Login locatorType: link
10/28/2019 07:15:07 PM - LoginPage - INFO: Element found with locator: user_email and  locatorType: id
10/28/2019 07:15:07 PM - LoginPage - INFO: Element found with locator: user_password and  locatorType: id
10/28/2019 07:15:07 PM - LoginPage - INFO: Element found with locator: user_email and  locatorType: id
10/28/2019 07:15:07 PM - LoginPage - INFO: Sent data on element with locator: user_email locatorType: id
10/28/2019 07:15:07 PM - LoginPage - INFO: Element found with locator: user_password and  locatorType: id
10/28/2019 07:15:07 PM - LoginPage - INFO: Sent data on element with locator: user_password locatorType: id
10/28/2019 07:15:07 PM - LoginPage - INFO: Element found with locator: commit and  locatorType: name
10/28/2019 07:15:11 PM - LoginPage - INFO: Clicked on element with locator: commit locatorType: name
10/28/2019 07:15:11 PM - LoginTests - INFO: *#*#*#*#*#*#*#*#*#*#*#*#*#*#*#*#*#*#*#*#
10/28/2019 07:15:11 PM - LoginTests - INFO: test_t1invalidLogin started
10/28/2019 07:15:11 PM - LoginTests - INFO: *#*#*#*#*#*#*#*#*#*#*#*#*#*#*#*#*#*#*#*#
10/28/2019 07:15:11 PM - NavigationPage - INFO: Waiting for maximum :: 10 :: seconds for element to be clickable
10/28/2019 07:15:11 PM - NavigationPage - INFO: Element appeared on the web page
10/28/2019 07:15:11 PM - NavigationPage - INFO: Element found with locator: //div[@id='navbar']//li[@class='dropdown'] and  locatorType: xpath
10/28/2019 07:15:11 PM - NavigationPage - INFO: Clicked on element with locator: //div[@id='navbar']//li[@class='dropdown'] locatorType: xpath
10/28/2019 07:15:11 PM - LoginPage - INFO: Waiting for maximum :: 10 :: seconds for element to be clickable
10/28/2019 07:15:11 PM - LoginPage - INFO: Element appeared on the web page
10/28/2019 07:15:11 PM - LoginPage - INFO: Element found with locator: //div[@id='navbar']//a[@href='/sign_out'] and  locatorType: xpath
10/28/2019 07:15:17 PM - LoginPage - INFO: Clicked on element with locator: //div[@id='navbar']//a[@href='/sign_out'] locatorType: xpath
10/28/2019 07:15:20 PM - LoginPage - INFO: Element found with locator: Login and  locatorType: link
10/28/2019 07:15:23 PM - LoginPage - INFO: Clicked on element with locator: Login locatorType: link
10/28/2019 07:15:23 PM - LoginPage - INFO: Element found with locator: user_email and  locatorType: id
10/28/2019 07:15:23 PM - LoginPage - INFO: Element found with locator: user_password and  locatorType: id
10/28/2019 07:15:23 PM - LoginPage - INFO: Element found with locator: user_email and  locatorType: id
10/28/2019 07:15:23 PM - LoginPage - INFO: Sent data on element with locator: user_email locatorType: id
10/28/2019 07:15:23 PM - LoginPage - INFO: Element found with locator: user_password and  locatorType: id
10/28/2019 07:15:23 PM - LoginPage - INFO: Sent data on element with locator: user_password locatorType: id
10/28/2019 07:15:23 PM - LoginPage - INFO: Element found with locator: commit and  locatorType: name
10/28/2019 07:15:25 PM - LoginPage - INFO: Clicked on element with locator: commit locatorType: name
10/28/2019 07:15:25 PM - LoginPage - INFO: Element found with locator: //div[contains(text(),'Invalid email or password')] and  locatorType: xpath
10/28/2019 07:15:25 PM - LoginPage - INFO: Element present with locator: //div[contains(text(),'Invalid email or password')] locatorType: xpath
10/28/2019 07:15:25 PM - LoginTests - INFO: *#*#*#*#*#*#*#*#*#*#*#*#*#*#*#*#*#*#*#*#
10/28/2019 07:15:25 PM - LoginTests - INFO: test_t2ValidLogin started
10/28/2019 07:15:25 PM - LoginTests - INFO: *#*#*#*#*#*#*#*#*#*#*#*#*#*#*#*#*#*#*#*#
10/28/2019 07:15:28 PM - LoginPage - INFO: Element not found with locator: Login and locatorType: link
10/28/2019 07:15:28 PM - LoginPage - INFO: Cannot click on the element with locator: Login locatorType: link
10/28/2019 07:15:28 PM - LoginPage - INFO: Element found with locator: user_email and  locatorType: id
10/28/2019 07:15:28 PM - LoginPage - INFO: Element found with locator: user_password and  locatorType: id
10/28/2019 07:15:28 PM - LoginPage - INFO: Element found with locator: user_email and  locatorType: id
10/28/2019 07:15:28 PM - LoginPage - INFO: Sent data on element with locator: user_email locatorType: id
10/28/2019 07:15:28 PM - LoginPage - INFO: Element found with locator: user_password and  locatorType: id
10/28/2019 07:15:28 PM - LoginPage - INFO: Sent data on element with locator: user_password locatorType: id
10/28/2019 07:15:28 PM - LoginPage - INFO: Element found with locator: commit and  locatorType: name
10/28/2019 07:15:31 PM - LoginPage - INFO: Clicked on element with locator: commit locatorType: name
10/28/2019 07:15:31 PM - Util - INFO: Actual Text From Application Web UI --> :: Let's Kode It
10/28/2019 07:15:31 PM - Util - INFO: Expected Text From Application Web UI --> :: Let's Kode It
10/28/2019 07:15:31 PM - Util - INFO: ### VERIFICATION CONTAINS !!!
10/28/2019 07:15:31 PM - TestStatus - INFO: ### VERIFICATION SUCCESSFUL :: + Title Verification
10/28/2019 07:15:31 PM - LoginPage - INFO: Waiting for maximum :: 10 :: seconds for element to be clickable
10/28/2019 07:15:31 PM - LoginPage - INFO: Element appeared on the web page
10/28/2019 07:15:31 PM - LoginPage - INFO: Element found with locator: //div[@id='navbar']//li[@class='dropdown'] and  locatorType: xpath
10/28/2019 07:15:31 PM - LoginPage - INFO: Element present with locator: //div[@id='navbar']//li[@class='dropdown'] locatorType: xpath
10/28/2019 07:15:31 PM - TestStatus - INFO: ### VERIFICATION SUCCESSFUL :: + Login Verification
10/28/2019 07:15:31 PM - TestStatus - INFO: test_t2validLogin ### TEST SUCCESSFUL
